E:\恢复程序\VIRTUALMACHINECHECK\RELEASE\VIRTUALMACHINECHECK.DLL
E:\恢复程序\VirtualMachineCheck\Release\VirtualMachineCheck.exp
E:\恢复程序\VirtualMachineCheck\Release\VirtualMachineCheck.lib
E:\恢复程序\VIRTUALMACHINECHECK\RELEASE\VIRTUALMACHINECHECK.PDB
E:\恢复程序\VIRTUALMACHINECHECK\VIRTUALMACHINECHECK\RELEASE\BASE64.OBJ
E:\恢复程序\VIRTUALMACHINECHECK\VIRTUALMACHINECHECK\RELEASE\CHARSETCONVER.OBJ
E:\恢复程序\VirtualMachineCheck\VirtualMachineCheck\Release\cl.command.1.tlog
E:\恢复程序\VirtualMachineCheck\VirtualMachineCheck\Release\CL.read.1.tlog
E:\恢复程序\VirtualMachineCheck\VirtualMachineCheck\Release\CL.write.1.tlog
E:\恢复程序\VIRTUALMACHINECHECK\VIRTUALMACHINECHECK\RELEASE\COMMON.OBJ
E:\恢复程序\VIRTUALMACHINECHECK\VIRTUALMACHINECHECK\RELEASE\DBSQLITE3.OBJ
E:\恢复程序\VIRTUALMACHINECHECK\VIRTUALMACHINECHECK\RELEASE\DBSQLITE3BINARY.OBJ
E:\恢复程序\VIRTUALMACHINECHECK\VIRTUALMACHINECHECK\RELEASE\DBSQLITE3BUFFER.OBJ
E:\恢复程序\VIRTUALMACHINECHECK\VIRTUALMACHINECHECK\RELEASE\DBSQLITE3EXCEPTION.OBJ
E:\恢复程序\VIRTUALMACHINECHECK\VIRTUALMACHINECHECK\RELEASE\DBSQLITE3QUERY.OBJ
E:\恢复程序\VIRTUALMACHINECHECK\VIRTUALMACHINECHECK\RELEASE\DBSQLITE3STATEMENT.OBJ
E:\恢复程序\VIRTUALMACHINECHECK\VIRTUALMACHINECHECK\RELEASE\DBSQLITE3TABLE.OBJ
E:\恢复程序\VIRTUALMACHINECHECK\VIRTUALMACHINECHECK\RELEASE\DLLMAIN.OBJ
E:\恢复程序\VIRTUALMACHINECHECK\VIRTUALMACHINECHECK\RELEASE\EXCEPTION.OBJ
E:\恢复程序\VIRTUALMACHINECHECK\VIRTUALMACHINECHECK\RELEASE\FUNCS.OBJ
E:\恢复程序\VIRTUALMACHINECHECK\VIRTUALMACHINECHECK\RELEASE\GETHOSTDISKINFO.OBJ
E:\恢复程序\VIRTUALMACHINECHECK\VIRTUALMACHINECHECK\RELEASE\GETVIRTUALMACHINEINFO.OBJ
E:\恢复程序\VirtualMachineCheck\VirtualMachineCheck\Release\link.command.1.tlog
E:\恢复程序\VirtualMachineCheck\VirtualMachineCheck\Release\link.read.1.tlog
E:\恢复程序\VirtualMachineCheck\VirtualMachineCheck\Release\link.write.1.tlog
E:\恢复程序\VirtualMachineCheck\VirtualMachineCheck\Release\mt.command.1.tlog
E:\恢复程序\VirtualMachineCheck\VirtualMachineCheck\Release\mt.read.1.tlog
E:\恢复程序\VirtualMachineCheck\VirtualMachineCheck\Release\mt.write.1.tlog
E:\恢复程序\VIRTUALMACHINECHECK\VIRTUALMACHINECHECK\RELEASE\PRIVILEDGE.OBJ
E:\恢复程序\VIRTUALMACHINECHECK\VIRTUALMACHINECHECK\RELEASE\STDAFX.OBJ
E:\恢复程序\VIRTUALMACHINECHECK\VIRTUALMACHINECHECK\RELEASE\SYSTEMREGISTRY.OBJ
E:\恢复程序\VIRTUALMACHINECHECK\VIRTUALMACHINECHECK\RELEASE\URLCONVER.OBJ
E:\恢复程序\VIRTUALMACHINECHECK\VIRTUALMACHINECHECK\RELEASE\VC100.PDB
E:\恢复程序\VIRTUALMACHINECHECK\VIRTUALMACHINECHECK\RELEASE\VIRTUALMACHINEBROWSERRECORD.OBJ
E:\恢复程序\VIRTUALMACHINECHECK\VIRTUALMACHINECHECK\RELEASE\VIRTUALMACHINECHECK.DLL.INTERMEDIATE.MANIFEST
E:\恢复程序\VIRTUALMACHINECHECK\VIRTUALMACHINECHECK\RELEASE\VIRTUALMACHINECHECK.OBJ
E:\恢复程序\VIRTUALMACHINECHECK\VIRTUALMACHINECHECK\RELEASE\VIRTUALMACHINECHECK.PCH
E:\恢复程序\VirtualMachineCheck\VirtualMachineCheck\Release\VirtualMachineCheck.write.1.tlog
