生成启动时间为 2018/2/27 9:30:13。
     1>项目“E:\恢复程序\VirtualMachineCheck\VirtualMachineCheck\VirtualMachineCheck.vcxproj”在节点 2 上(rebuild 个目标)。
     1>_PrepareForClean:
         正在删除文件“Debug\VirtualMachineCheck.lastbuildstate”。
       InitializeBuildStatus:
         正在创建“Debug\VirtualMachineCheck.unsuccessfulbuild”，因为已指定“AlwaysCreate”。
       ClCompile:
         C:\Program Files (x86)\Microsoft Visual Studio 10.0\VC\bin\CL.exe /c /ZI /nologo /W3 /WX- /Od /Oy- /D WIN32 /D _DEBUG /D _WINDOWS /D _USRDLL /D VIRTUALMACHINECHECK_EXPORTS /D _WINDLL /D _MBCS /Gm /EHsc /RTC1 /MDd /GS /fp:precise /Zc:wchar_t /Zc:forScope /Yc"StdAfx.h" /Fp"Debug\VirtualMachineCheck.pch" /Fo"Debug\\" /Fd"Debug\vc100.pdb" /Gd /TP /analyze- /errorReport:prompt stdafx.cpp
         stdafx.cpp
         C:\Program Files (x86)\Microsoft Visual Studio 10.0\VC\bin\CL.exe /c /ZI /nologo /W3 /WX- /Od /Oy- /D WIN32 /D _DEBUG /D _WINDOWS /D _USRDLL /D VIRTUALMACHINECHECK_EXPORTS /D _WINDLL /D _MBCS /Gm /EHsc /RTC1 /MDd /GS /fp:precise /Zc:wchar_t /Zc:forScope /Yu"StdAfx.h" /Fp"Debug\VirtualMachineCheck.pch" /Fo"Debug\\" /Fd"Debug\vc100.pdb" /Gd /TP /analyze- /errorReport:prompt ..\Common\Common.cpp ..\Common\Exception.cpp ..\Common\Funcs.cpp ..\Common\Priviledge.cpp ..\Common\SystemRegistry.cpp ..\Mime\Base64.cpp ..\Mime\CharsetConver.cpp ..\Mime\UrlConver.cpp ..\Sqlite3\DbSqlite3.cpp ..\Sqlite3\DbSqlite3Binary.cpp ..\Sqlite3\DbSqlite3Buffer.cpp ..\Sqlite3\DbSqlite3Exception.cpp ..\Sqlite3\DbSqlite3Query.cpp ..\Sqlite3\DbSqlite3Statement.cpp ..\Sqlite3\DbSqlite3Table.cpp GetHostDiskInfo.cpp GetVirtualMachineInfo.cpp VirtualMachineBrowserRecord.cpp VirtualMachineCheck.cpp
         VirtualMachineCheck.cpp
         VirtualMachineBrowserRecord.cpp
         GetVirtualMachineInfo.cpp
         GetHostDiskInfo.cpp
         DbSqlite3Table.cpp
         DbSqlite3Statement.cpp
         DbSqlite3Query.cpp
         DbSqlite3Exception.cpp
         DbSqlite3Buffer.cpp
         DbSqlite3Binary.cpp
         DbSqlite3.cpp
         UrlConver.cpp
         CharsetConver.cpp
         Base64.cpp
         SystemRegistry.cpp
         Priviledge.cpp
         Funcs.cpp
         Exception.cpp
         Common.cpp
         正在生成代码...
         C:\Program Files (x86)\Microsoft Visual Studio 10.0\VC\bin\CL.exe /c /ZI /nologo /W3 /WX- /Od /Oy- /D WIN32 /D _DEBUG /D _WINDOWS /D _USRDLL /D VIRTUALMACHINECHECK_EXPORTS /D _WINDLL /D _MBCS /Gm /EHsc /RTC1 /MDd /GS /fp:precise /Zc:wchar_t /Zc:forScope /Fo"Debug\\" /Fd"Debug\vc100.pdb" /Gd /TP /analyze- /errorReport:prompt dllmain.cpp
         dllmain.cpp
       ManifestResourceCompile:
         C:\Program Files (x86)\Microsoft SDKs\Windows\v7.0A\bin\rc.exe /nologo /fo"Debug\VirtualMachineCheck.dll.embed.manifest.res" Debug\VirtualMachineCheck_manifest.rc 
       Link:
         C:\Program Files (x86)\Microsoft Visual Studio 10.0\VC\bin\link.exe /ERRORREPORT:PROMPT /OUT:"E:\恢复程序\VirtualMachineCheck\Debug\VirtualMachineCheck.dll" /INCREMENTAL /NOLOGO kernel32.lib user32.lib gdi32.lib winspool.lib comdlg32.lib advapi32.lib shell32.lib ole32.lib oleaut32.lib uuid.lib odbc32.lib odbccp32.lib /MANIFEST /ManifestFile:"Debug\VirtualMachineCheck.dll.intermediate.manifest" /MANIFESTUAC:"level='asInvoker' uiAccess='false'" /DEBUG /PDB:"E:\恢复程序\VirtualMachineCheck\Debug\VirtualMachineCheck.pdb" /SUBSYSTEM:WINDOWS /TLBID:1 /DYNAMICBASE /NXCOMPAT /IMPLIB:"E:\恢复程序\VirtualMachineCheck\Debug\VirtualMachineCheck.lib" /MACHINE:X86 /DLL Debug\VirtualMachineCheck.dll.embed.manifest.res
         Debug\Common.obj
         Debug\Exception.obj
         Debug\Funcs.obj
         Debug\Priviledge.obj
         Debug\SystemRegistry.obj
         Debug\Base64.obj
         Debug\CharsetConver.obj
         Debug\UrlConver.obj
         Debug\DbSqlite3.obj
         Debug\DbSqlite3Binary.obj
         Debug\DbSqlite3Buffer.obj
         Debug\DbSqlite3Exception.obj
         Debug\DbSqlite3Query.obj
         Debug\DbSqlite3Statement.obj
         Debug\DbSqlite3Table.obj
         Debug\dllmain.obj
         Debug\GetHostDiskInfo.obj
         Debug\GetVirtualMachineInfo.obj
         Debug\stdafx.obj
         Debug\VirtualMachineBrowserRecord.obj
         Debug\VirtualMachineCheck.obj
            正在创建库 E:\恢复程序\VirtualMachineCheck\Debug\VirtualMachineCheck.lib 和对象 E:\恢复程序\VirtualMachineCheck\Debug\VirtualMachineCheck.exp
       Manifest:
         正在删除文件“Debug\VirtualMachineCheck.dll.embed.manifest”。
         C:\Program Files (x86)\Microsoft SDKs\Windows\v7.0A\bin\mt.exe /nologo /verbose /out:"Debug\VirtualMachineCheck.dll.embed.manifest" /manifest Debug\VirtualMachineCheck.dll.intermediate.manifest
         C:\Program Files (x86)\Microsoft SDKs\Windows\v7.0A\bin\rc.exe /nologo /fo"Debug\VirtualMachineCheck.dll.embed.manifest.res" Debug\VirtualMachineCheck_manifest.rc 
       LinkEmbedManifest:
         C:\Program Files (x86)\Microsoft Visual Studio 10.0\VC\bin\link.exe /ERRORREPORT:PROMPT /OUT:"E:\恢复程序\VirtualMachineCheck\Debug\VirtualMachineCheck.dll" /INCREMENTAL /NOLOGO kernel32.lib user32.lib gdi32.lib winspool.lib comdlg32.lib advapi32.lib shell32.lib ole32.lib oleaut32.lib uuid.lib odbc32.lib odbccp32.lib /MANIFEST /ManifestFile:"Debug\VirtualMachineCheck.dll.intermediate.manifest" /MANIFESTUAC:"level='asInvoker' uiAccess='false'" /DEBUG /PDB:"E:\恢复程序\VirtualMachineCheck\Debug\VirtualMachineCheck.pdb" /SUBSYSTEM:WINDOWS /TLBID:1 /DYNAMICBASE /NXCOMPAT /IMPLIB:"E:\恢复程序\VirtualMachineCheck\Debug\VirtualMachineCheck.lib" /MACHINE:X86 /DLL Debug\VirtualMachineCheck.dll.embed.manifest.res
         Debug\Common.obj
         Debug\Exception.obj
         Debug\Funcs.obj
         Debug\Priviledge.obj
         Debug\SystemRegistry.obj
         Debug\Base64.obj
         Debug\CharsetConver.obj
         Debug\UrlConver.obj
         Debug\DbSqlite3.obj
         Debug\DbSqlite3Binary.obj
         Debug\DbSqlite3Buffer.obj
         Debug\DbSqlite3Exception.obj
         Debug\DbSqlite3Query.obj
         Debug\DbSqlite3Statement.obj
         Debug\DbSqlite3Table.obj
         Debug\dllmain.obj
         Debug\GetHostDiskInfo.obj
         Debug\GetVirtualMachineInfo.obj
         Debug\stdafx.obj
         Debug\VirtualMachineBrowserRecord.obj
         Debug\VirtualMachineCheck.obj
            正在创建库 E:\恢复程序\VirtualMachineCheck\Debug\VirtualMachineCheck.lib 和对象 E:\恢复程序\VirtualMachineCheck\Debug\VirtualMachineCheck.exp
         VirtualMachineCheck.vcxproj -> E:\恢复程序\VirtualMachineCheck\Debug\VirtualMachineCheck.dll
       FinalizeBuildStatus:
         正在删除文件“Debug\VirtualMachineCheck.unsuccessfulbuild”。
         正在对“Debug\VirtualMachineCheck.lastbuildstate”执行 Touch 任务。
     1>已完成生成项目“E:\恢复程序\VirtualMachineCheck\VirtualMachineCheck\VirtualMachineCheck.vcxproj”(rebuild 个目标)的操作。

生成成功。

已用时间 00:00:15.02
