E:\恢复程序\VIRTUALMACHINECHECK\DEBUG\VIRTUALMACHINECHECK.DLL
E:\恢复程序\VirtualMachineCheck\Debug\VirtualMachineCheck.exp
E:\恢复程序\VIRTUALMACHINECHECK\DEBUG\VIRTUALMACHINECHECK.ILK
E:\恢复程序\VirtualMachineCheck\Debug\VirtualMachineCheck.lib
E:\恢复程序\VIRTUALMACHINECHECK\DEBUG\VIRTUALMACHINECHECK.PDB
E:\恢复程序\VIRTUALMACHINECHECK\VIRTUALMACHINECHECK\DEBUG\BASE64.OBJ
E:\恢复程序\VIRTUALMACHINECHECK\VIRTUALMACHINECHECK\DEBUG\CHARSETCONVER.OBJ
E:\恢复程序\VirtualMachineCheck\VirtualMachineCheck\Debug\cl.command.1.tlog
E:\恢复程序\VirtualMachineCheck\VirtualMachineCheck\Debug\CL.read.1.tlog
E:\恢复程序\VirtualMachineCheck\VirtualMachineCheck\Debug\CL.write.1.tlog
E:\恢复程序\VIRTUALMACHINECHECK\VIRTUALMACHINECHECK\DEBUG\COMMON.OBJ
E:\恢复程序\VIRTUALMACHINECHECK\VIRTUALMACHINECHECK\DEBUG\DBSQLITE3.OBJ
E:\恢复程序\VIRTUALMACHINECHECK\VIRTUALMACHINECHECK\DEBUG\DBSQLITE3BINARY.OBJ
E:\恢复程序\VIRTUALMACHINECHECK\VIRTUALMACHINECHECK\DEBUG\DBSQLITE3BUFFER.OBJ
E:\恢复程序\VIRTUALMACHINECHECK\VIRTUALMACHINECHECK\DEBUG\DBSQLITE3EXCEPTION.OBJ
E:\恢复程序\VIRTUALMACHINECHECK\VIRTUALMACHINECHECK\DEBUG\DBSQLITE3QUERY.OBJ
E:\恢复程序\VIRTUALMACHINECHECK\VIRTUALMACHINECHECK\DEBUG\DBSQLITE3STATEMENT.OBJ
E:\恢复程序\VIRTUALMACHINECHECK\VIRTUALMACHINECHECK\DEBUG\DBSQLITE3TABLE.OBJ
E:\恢复程序\VIRTUALMACHINECHECK\VIRTUALMACHINECHECK\DEBUG\DLLMAIN.OBJ
E:\恢复程序\VIRTUALMACHINECHECK\VIRTUALMACHINECHECK\DEBUG\EXCEPTION.OBJ
E:\恢复程序\VIRTUALMACHINECHECK\VIRTUALMACHINECHECK\DEBUG\FUNCS.OBJ
E:\恢复程序\VIRTUALMACHINECHECK\VIRTUALMACHINECHECK\DEBUG\GETHOSTDISKINFO.OBJ
E:\恢复程序\VIRTUALMACHINECHECK\VIRTUALMACHINECHECK\DEBUG\GETVIRTUALMACHINEINFO.OBJ
E:\恢复程序\VirtualMachineCheck\VirtualMachineCheck\Debug\link.9560.read.1.tlog
E:\恢复程序\VirtualMachineCheck\VirtualMachineCheck\Debug\link.9560.write.1.tlog
E:\恢复程序\VirtualMachineCheck\VirtualMachineCheck\Debug\link.9560-cvtres.read.1.tlog
E:\恢复程序\VirtualMachineCheck\VirtualMachineCheck\Debug\link.9560-cvtres.write.1.tlog
E:\恢复程序\VirtualMachineCheck\VirtualMachineCheck\Debug\link.command.1.tlog
E:\恢复程序\VirtualMachineCheck\VirtualMachineCheck\Debug\link.read.1.tlog
E:\恢复程序\VirtualMachineCheck\VirtualMachineCheck\Debug\link.write.1.tlog
E:\恢复程序\VirtualMachineCheck\VirtualMachineCheck\Debug\link-cvtres.read.1.tlog
E:\恢复程序\VirtualMachineCheck\VirtualMachineCheck\Debug\link-cvtres.write.1.tlog
E:\恢复程序\VirtualMachineCheck\VirtualMachineCheck\Debug\mt.command.1.tlog
E:\恢复程序\VirtualMachineCheck\VirtualMachineCheck\Debug\mt.read.1.tlog
E:\恢复程序\VirtualMachineCheck\VirtualMachineCheck\Debug\mt.write.1.tlog
E:\恢复程序\VIRTUALMACHINECHECK\VIRTUALMACHINECHECK\DEBUG\PRIVILEDGE.OBJ
E:\恢复程序\VirtualMachineCheck\VirtualMachineCheck\Debug\rc.command.1.tlog
E:\恢复程序\VirtualMachineCheck\VirtualMachineCheck\Debug\rc.read.1.tlog
E:\恢复程序\VirtualMachineCheck\VirtualMachineCheck\Debug\rc.write.1.tlog
E:\恢复程序\VIRTUALMACHINECHECK\VIRTUALMACHINECHECK\DEBUG\STDAFX.OBJ
E:\恢复程序\VIRTUALMACHINECHECK\VIRTUALMACHINECHECK\DEBUG\SYSTEMREGISTRY.OBJ
E:\恢复程序\VIRTUALMACHINECHECK\VIRTUALMACHINECHECK\DEBUG\URLCONVER.OBJ
E:\恢复程序\VirtualMachineCheck\VirtualMachineCheck\Debug\vc100.idb
E:\恢复程序\VIRTUALMACHINECHECK\VIRTUALMACHINECHECK\DEBUG\VC100.PDB
E:\恢复程序\VIRTUALMACHINECHECK\VIRTUALMACHINECHECK\DEBUG\VIRTUALMACHINEBROWSERRECORD.OBJ
E:\恢复程序\VIRTUALMACHINECHECK\VIRTUALMACHINECHECK\DEBUG\VIRTUALMACHINECHECK.DLL.EMBED.MANIFEST
E:\恢复程序\VIRTUALMACHINECHECK\VIRTUALMACHINECHECK\DEBUG\VIRTUALMACHINECHECK.DLL.EMBED.MANIFEST.RES
E:\恢复程序\VIRTUALMACHINECHECK\VIRTUALMACHINECHECK\DEBUG\VIRTUALMACHINECHECK.DLL.INTERMEDIATE.MANIFEST
E:\恢复程序\VIRTUALMACHINECHECK\VIRTUALMACHINECHECK\DEBUG\VIRTUALMACHINECHECK.OBJ
E:\恢复程序\VIRTUALMACHINECHECK\VIRTUALMACHINECHECK\DEBUG\VIRTUALMACHINECHECK.PCH
E:\恢复程序\VirtualMachineCheck\VirtualMachineCheck\Debug\VirtualMachineCheck.vcxprojResolveAssemblyReference.cache
E:\恢复程序\VirtualMachineCheck\VirtualMachineCheck\Debug\VirtualMachineCheck.write.1.tlog
E:\恢复程序\VirtualMachineCheck\VirtualMachineCheck\Debug\VirtualMachineCheck_manifest.rc
